2025-05-18 00:50:41 [INFO][org.hibernate.validator.internal.util.Version][<clinit>][21]-> HV000001: Hibernate Validator 8.0.1.Final
2025-05-18 00:50:41 [INFO][com.gzh.App][logStarting][50]-> Starting App using Java 17.0.15 with PID 12988 (C:\Users\g1822\Desktop\GZH\java_project\search-file\target\classes started by g1822 in C:\Users\g1822\Desktop\GZH\java_project\search-file)
2025-05-18 00:50:41 [INFO][com.gzh.App][logStartupProfileInfo][660]-> The following 1 profile is active: "dev"
2025-05-18 00:50:42 [INFO][org.springframework.data.repository.config.RepositoryConfigurationDelegate][multipleStoresDetected][295]-> Multiple Spring Data modules found, entering strict repository configuration mode
2025-05-18 00:50:42 [INFO][org.springframework.data.repository.config.RepositoryConfigurationDelegate][registerRepositoriesIn][143]-> Bootstrapping Spring Data Redis repositories in DEFAULT mode.
2025-05-18 00:50:42 [INFO][org.springframework.data.repository.config.RepositoryConfigurationDelegate][registerRepositoriesIn][211]-> Finished Spring Data repository scanning in 8 ms. Found 0 Redis repository interfaces.
2025-05-18 00:50:42 [INFO][org.springframework.boot.web.embedded.tomcat.TomcatWebServer][initialize][109]-> Tomcat initialized with port 9999 (http)
2025-05-18 00:50:42 [INFO][org.apache.coyote.http11.Http11NioProtocol][log][173]-> Initializing ProtocolHandler ["http-nio-9999"]
2025-05-18 00:50:42 [INFO][org.apache.catalina.core.StandardService][log][173]-> Starting service [Tomcat]
2025-05-18 00:50:42 [INFO][org.apache.catalina.core.StandardEngine][log][173]-> Starting Servlet engine: [Apache Tomcat/10.1.24]
2025-05-18 00:50:42 [INFO][org.apache.catalina.core.ContainerBase.[Tomcat].[localhost].[/api]][log][173]-> Initializing Spring embedded WebApplicationContext
2025-05-18 00:50:42 [INFO][org.springframework.boot.web.servlet.context.ServletWebServerApplicationContext][prepareWebApplicationContext][296]-> Root WebApplicationContext: initialization completed in 1258 ms
2025-05-18 00:50:43 [INFO][org.redisson.Version][logVersion][43]-> Redisson 3.35.0
2025-05-18 00:50:43 [WARN][org.redisson.connection.SequentialDnsAddressResolverFactory][create][111]-> DNS TCP fallback on UDP query timeout disabled. Upgrade Netty to 4.1.105 or higher.
2025-05-18 00:50:43 [INFO][org.redisson.connection.ConnectionsHolder][lambda$initConnections$1][130]-> 1 connections initialized for 129.211.50.12/129.211.50.12:6379
2025-05-18 00:50:44 [INFO][org.redisson.connection.ConnectionsHolder][lambda$initConnections$1][130]-> 24 connections initialized for 129.211.50.12/129.211.50.12:6379
2025-05-18 00:50:45 [INFO][org.springframework.boot.actuate.endpoint.web.EndpointLinksResolver][<init>][58]-> Exposing 1 endpoint(s) beneath base path '/actuator'
2025-05-18 00:50:45 [INFO][org.apache.coyote.http11.Http11NioProtocol][log][173]-> Starting ProtocolHandler ["http-nio-9999"]
2025-05-18 00:50:45 [INFO][org.springframework.boot.web.embedded.tomcat.TomcatWebServer][start][241]-> Tomcat started on port 9999 (http) with context path '/api'
2025-05-18 00:50:45 [INFO][com.gzh.App][logStarted][56]-> Started App in 3.967 seconds (process running for 4.607)
2025-05-18 00:50:45 [INFO][org.apache.catalina.core.ContainerBase.[Tomcat].[localhost].[/api]][log][173]-> Initializing Spring DispatcherServlet 'dispatcherServlet'
2025-05-18 00:50:45 [INFO][org.springframework.web.servlet.DispatcherServlet][initServletBean][532]-> Initializing Servlet 'dispatcherServlet'
2025-05-18 00:50:45 [INFO][org.springframework.web.servlet.DispatcherServlet][initServletBean][554]-> Completed initialization in 1 ms
2025-05-18 00:50:45 [INFO][com.zaxxer.hikari.HikariDataSource][getConnection][110]-> HikariPool-1 - Starting...
2025-05-18 00:50:45 [INFO][com.zaxxer.hikari.pool.HikariPool][checkFailFast][565]-> HikariPool-1 - Added connection com.mysql.cj.jdbc.ConnectionImpl@214bdb53
2025-05-18 00:50:45 [INFO][com.zaxxer.hikari.HikariDataSource][getConnection][123]-> HikariPool-1 - Start completed.
2025-05-18 00:57:08 [INFO][com.zaxxer.hikari.HikariDataSource][close][350]-> HikariPool-1 - Shutdown initiated...
2025-05-18 00:57:08 [INFO][com.zaxxer.hikari.HikariDataSource][close][352]-> HikariPool-1 - Shutdown completed.
